#
# There is insufficient memory for the Java Runtime Environment to continue.
# Native memory allocation (malloc) failed to allocate 1335536 bytes for Chunk::new
# Possible reasons:
#   The system is out of physical RAM or swap space
#   In 32 bit mode, the process size limit was hit
# Possible solutions:
#   Reduce memory load on the system
#   Increase physical memory or swap space
#   Check if swap backing store is full
#   Use 64 bit Java on a 64 bit OS
#   Decrease Java heap size (-Xmx/-Xms)
#   Decrease number of Java threads
#   Decrease Java thread stack sizes (-Xss)
#   Set larger code cache with -XX:ReservedCodeCacheSize=
# This output file may be truncated or incomplete.
#
#  Out of Memory Error (allocation.cpp:390), pid=840, tid=0x0000000000002530
#
# JRE version: Java(TM) SE Runtime Environment (8.0_131-b11) (build 1.8.0_131-b11)
# Java VM: Java HotSpot(TM) 64-Bit Server VM (25.131-b11 mixed mode windows-amd64 compressed oops)
# Failed to write core dump. Minidumps are not enabled by default on client versions of Windows
#

---------------  T H R E A D  ---------------

Current thread (0x000000001593c000):  JavaThread "C2 CompilerThread0" daemon [_thread_in_native, id=9520, stack(0x0000000016f70000,0x0000000017070000)]

Stack: [0x0000000016f70000,0x0000000017070000]
[error occurred during error reporting (printing stack bounds), id 0xc0000005]

Native frames: (J=compiled Java code, j=interpreted, Vv=VM code, C=native code)


Current CompileTask:
C2:   8722 1363       4       java.net.URLClassLoader$1::run (5 bytes)


---------------  P R O C E S S  ---------------

Java Threads: ( => current thread )
  0x0000000018b05800 JavaThread "File lock request listener" [_thread_in_native, id=9332, stack(0x000000001c490000,0x000000001c590000)]
  0x000000001879c000 JavaThread "Stdin handler" [_thread_blocked, id=9736, stack(0x0000000019f50000,0x000000001a050000)]
  0x0000000018799800 JavaThread "Asynchronous log dispatcher for DefaultDaemonConnection: socket connection from /127.0.0.1:57761 to /127.0.0.1:57762" [_thread_blocked, id=10544, stack(0x0000000019e50000,0x0000000019f50000)]
  0x0000000018513800 JavaThread "Daemon worker" [_thread_in_native, id=9804, stack(0x0000000019d50000,0x0000000019e50000)]
  0x0000000018513000 JavaThread "Cancel handler" [_thread_blocked, id=5204, stack(0x0000000019c50000,0x0000000019d50000)]
  0x00000000189a9800 JavaThread "Handler for socket connection from /127.0.0.1:57761 to /127.0.0.1:57762" [_thread_in_native, id=8844, stack(0x0000000019b50000,0x0000000019c50000)]
  0x00000000189a8800 JavaThread "Daemon" [_thread_blocked, id=3288, stack(0x0000000019a50000,0x0000000019b50000)]
  0x00000000183f9000 JavaThread "Incoming local TCP Connector on port 57761" [_thread_in_native, id=6620, stack(0x0000000019660000,0x0000000019760000)]
  0x00000000185eb000 JavaThread "pool-1-thread-1" [_thread_blocked, id=7320, stack(0x0000000019040000,0x0000000019140000)]
  0x000000001599e800 JavaThread "Service Thread" daemon [_thread_blocked, id=6636, stack(0x0000000017670000,0x0000000017770000)]
  0x0000000015949000 JavaThread "C1 CompilerThread2" daemon [_thread_blocked, id=10176, stack(0x0000000017170000,0x0000000017270000)]
  0x0000000015941800 JavaThread "C2 CompilerThread1" daemon [_thread_in_native, id=1232, stack(0x0000000017070000,0x0000000017170000)]
=>0x000000001593c000 JavaThread "C2 CompilerThread0" daemon [_thread_in_native, id=9520, stack(0x0000000016f70000,0x0000000017070000)]
  0x0000000015948000 JavaThread "Attach Listener" daemon [_thread_blocked, id=1224, stack(0x0000000016e70000,0x0000000016f70000)]
  0x0000000015946800 JavaThread "Signal Dispatcher" daemon [_thread_blocked, id=4304, stack(0x0000000016d70000,0x0000000016e70000)]
  0x0000000001fcb000 JavaThread "Finalizer" daemon [_thread_blocked, id=1452, stack(0x0000000016b90000,0x0000000016c90000)]
  0x0000000015908800 JavaThread "Reference Handler" daemon [_thread_blocked, id=408, stack(0x0000000016a90000,0x0000000016b90000)]
  0x000000000065e000 JavaThread "main" [_thread_blocked, id=6612, stack(0x0000000001dc0000,0x0000000001ec0000)]

Other Threads:
  0x0000000015907000 VMThread [stack: 0x0000000016990000,0x0000000016a90000] [id=10368]
  0x00000000172b4000 WatcherThread [stack: 0x0000000017770000,0x0000000017870000] [id=10252]

VM state:not at safepoint (normal execution)

VM Mutex/Monitor currently owned by a thread: None

Heap:
 PSYoungGen      total 37888K, used 35353K [0x00000000e0000000, 0x00000000e2a00000, 0x0000000100000000)
  eden space 32768K, 92% used [0x00000000e0000000,0x00000000e1d8bf80,0x00000000e2000000)
  from space 5120K, 99% used [0x00000000e2500000,0x00000000e29fa590,0x00000000e2a00000)
  to   space 5120K, 0% used [0x00000000e2000000,0x00000000e2000000,0x00000000e2500000)
 ParOldGen       total 86016K, used 816K [0x00000000a0000000, 0x00000000a5400000, 0x00000000e0000000)
  object space 86016K, 0% used [0x00000000a0000000,0x00000000a00cc3b0,0x00000000a5400000)
 Metaspace       used 16109K, capacity 16412K, committed 16512K, reserved 1062912K
  class space    used 2299K, capacity 2389K, committed 2432K, reserved 1048576K

Card table byte_map: [0x0000000011390000,0x00000000116a0000] byte_map_base: 0x0000000010e90000

Marking Bits: (ParMarkBitMap*) 0x00000000705ec720
 Begin Bits: [0x0000000011ca0000, 0x00000000134a0000)
 End Bits:   [0x00000000134a0000, 0x0000000014ca0000)

Polling page: 0x0000000000430000

CodeCache: size=245760Kb used=5024Kb max_used=5024Kb free=240735Kb
 bounds [0x0000000001fd0000, 0x00000000024c0000, 0x0000000010fd0000]
 total_blobs=1816 nmethods=1425 adapters=303
 compilation: enabled

Compilation events (10 events):
Event: 7.580 Thread 0x0000000015949000 1403       3       java.util.concurrent.locks.ReentrantLock$NonfairSync::tryAcquire (6 bytes)
Event: 7.580 Thread 0x0000000015949000 nmethod 1403 0x00000000024a9990 code [0x00000000024a9b00, 0x00000000024a9d08]
Event: 7.580 Thread 0x0000000015949000 1404       3       java.util.concurrent.locks.ReentrantLock$Sync::nonfairTryAcquire (67 bytes)
Event: 7.582 Thread 0x0000000015949000 nmethod 1404 0x00000000024a9d90 code [0x00000000024a9f20, 0x00000000024aa648]
Event: 7.650 Thread 0x0000000015949000 1406       3       java.util.concurrent.LinkedBlockingDeque::unlinkFirst (74 bytes)
Event: 7.651 Thread 0x0000000015949000 nmethod 1406 0x00000000024aab50 code [0x00000000024aad00, 0x00000000024ab268]
Event: 7.660 Thread 0x0000000015949000 1407       3       java.util.concurrent.locks.LockSupport::parkNanos (29 bytes)
Event: 7.660 Thread 0x0000000015949000 nmethod 1407 0x00000000024ab4d0 code [0x00000000024ab640, 0x00000000024ab9c8]
Event: 7.660 Thread 0x0000000015949000 1408       3       java.util.concurrent.locks.AbstractQueuedSynchronizer$ConditionObject::checkInterruptWhileWaiting (27 bytes)
Event: 7.662 Thread 0x0000000015949000 nmethod 1408 0x00000000024abad0 code [0x00000000024abca0, 0x00000000024ac2f8]

GC Heap History (4 events):
Event: 2.629 GC heap before
{Heap before GC invocations=1 (full 0):
 PSYoungGen      total 37888K, used 32550K [0x00000000e0000000, 0x00000000e2a00000, 0x0000000100000000)
  eden space 32768K, 99% used [0x00000000e0000000,0x00000000e1fc99b8,0x00000000e2000000)
  from space 5120K, 0% used [0x00000000e2500000,0x00000000e2500000,0x00000000e2a00000)
  to   space 5120K, 0% used [0x00000000e2000000,0x00000000e2000000,0x00000000e2500000)
 ParOldGen       total 86016K, used 0K [0x00000000a0000000, 0x00000000a5400000, 0x00000000e0000000)
  object space 86016K, 0% used [0x00000000a0000000,0x00000000a0000000,0x00000000a5400000)
 Metaspace       used 6897K, capacity 7032K, committed 7168K, reserved 1056768K
  class space    used 869K, capacity 920K, committed 1024K, reserved 1048576K
Event: 2.643 GC heap after
Heap after GC invocations=1 (full 0):
 PSYoungGen      total 37888K, used 4418K [0x00000000e0000000, 0x00000000e2a00000, 0x0000000100000000)
  eden space 32768K, 0% used [0x00000000e0000000,0x00000000e0000000,0x00000000e2000000)
  from space 5120K, 86% used [0x00000000e2000000,0x00000000e24509c8,0x00000000e2500000)
  to   space 5120K, 0% used [0x00000000e2500000,0x00000000e2500000,0x00000000e2a00000)
 ParOldGen       total 86016K, used 8K [0x00000000a0000000, 0x00000000a5400000, 0x00000000e0000000)
  object space 86016K, 0% used [0x00000000a0000000,0x00000000a0002000,0x00000000a5400000)
 Metaspace       used 6897K, capacity 7032K, committed 7168K, reserved 1056768K
  class space    used 869K, capacity 920K, committed 1024K, reserved 1048576K
}
Event: 6.256 GC heap before
{Heap before GC invocations=2 (full 0):
 PSYoungGen      total 37888K, used 37186K [0x00000000e0000000, 0x00000000e2a00000, 0x0000000100000000)
  eden space 32768K, 100% used [0x00000000e0000000,0x00000000e2000000,0x00000000e2000000)
  from space 5120K, 86% used [0x00000000e2000000,0x00000000e24509c8,0x00000000e2500000)
  to   space 5120K, 0% used [0x00000000e2500000,0x00000000e2500000,0x00000000e2a00000)
 ParOldGen       total 86016K, used 8K [0x00000000a0000000, 0x00000000a5400000, 0x00000000e0000000)
  object space 86016K, 0% used [0x00000000a0000000,0x00000000a0002000,0x00000000a5400000)
 Metaspace       used 13094K, capacity 13476K, committed 13696K, reserved 1060864K
  class space    used 1781K, capacity 1905K, committed 1920K, reserved 1048576K
Event: 6.276 GC heap after
Heap after GC invocations=2 (full 0):
 PSYoungGen      total 37888K, used 5097K [0x00000000e0000000, 0x00000000e2a00000, 0x0000000100000000)
  eden space 32768K, 0% used [0x00000000e0000000,0x00000000e0000000,0x00000000e2000000)
  from space 5120K, 99% used [0x00000000e2500000,0x00000000e29fa590,0x00000000e2a00000)
  to   space 5120K, 0% used [0x00000000e2000000,0x00000000e2000000,0x00000000e2500000)
 ParOldGen       total 86016K, used 816K [0x00000000a0000000, 0x00000000a5400000, 0x00000000e0000000)
  object space 86016K, 0% used [0x00000000a0000000,0x00000000a00cc3b0,0x00000000a5400000)
 Metaspace       used 13094K, capacity 13476K, committed 13696K, reserved 1060864K
  class space    used 1781K, capacity 1905K, committed 1920K, reserved 1048576K
}

Deoptimization events (10 events):
Event: 5.754 Thread 0x000000000065e000 Uncommon trap: reason=class_check action=maybe_recompile pc=0x00000000022425c0 method=java.util.HashMap.putVal(ILjava/lang/Object;Ljava/lang/Object;ZZ)Ljava/lang/Object; @ 203
Event: 5.754 Thread 0x000000000065e000 Uncommon trap: reason=class_check action=maybe_recompile pc=0x00000000022425c0 method=java.util.HashMap.putVal(ILjava/lang/Object;Ljava/lang/Object;ZZ)Ljava/lang/Object; @ 203
Event: 5.799 Thread 0x000000000065e000 Uncommon trap: reason=class_check action=maybe_recompile pc=0x000000000223fc9c method=java.util.HashMap.putVal(ILjava/lang/Object;Ljava/lang/Object;ZZ)Ljava/lang/Object; @ 203
Event: 5.846 Thread 0x000000000065e000 Uncommon trap: reason=unstable_if action=reinterpret pc=0x00000000022237d8 method=sun.misc.MetaIndex.mayContain(Ljava/lang/String;)Z @ 38
Event: 6.167 Thread 0x0000000018513800 Uncommon trap: reason=bimorphic action=maybe_recompile pc=0x00000000023e14fc method=java.util.HashMap.putVal(ILjava/lang/Object;Ljava/lang/Object;ZZ)Ljava/lang/Object; @ 253
Event: 6.168 Thread 0x0000000018513800 Uncommon trap: reason=bimorphic action=maybe_recompile pc=0x00000000023e14fc method=java.util.HashMap.putVal(ILjava/lang/Object;Ljava/lang/Object;ZZ)Ljava/lang/Object; @ 253
Event: 6.168 Thread 0x0000000018513800 Uncommon trap: reason=bimorphic action=maybe_recompile pc=0x00000000023e14fc method=java.util.HashMap.putVal(ILjava/lang/Object;Ljava/lang/Object;ZZ)Ljava/lang/Object; @ 253
Event: 6.168 Thread 0x0000000018513800 Uncommon trap: reason=bimorphic action=maybe_recompile pc=0x00000000023e14fc method=java.util.HashMap.putVal(ILjava/lang/Object;Ljava/lang/Object;ZZ)Ljava/lang/Object; @ 253
Event: 6.616 Thread 0x0000000018513800 Uncommon trap: reason=class_check action=maybe_recompile pc=0x000000000223535c method=java.util.regex.Matcher.match(II)Z @ 86
Event: 6.620 Thread 0x0000000018513800 Uncommon trap: reason=class_check action=maybe_recompile pc=0x000000000223535c method=java.util.regex.Matcher.match(II)Z @ 86

Internal exceptions (10 events):
Event: 6.031 Thread 0x00000000189a9800 Exception <a 'java/lang/NoSuchMethodError': <clinit>> (0x00000000e1a7c8d0) thrown at [C:\re\workspace\8-2-build-windows-amd64-cygwin\jdk8u131\8869\hotspot\src\share\vm\prims\jni.cpp, line 1613]
Event: 6.033 Thread 0x00000000189a9800 Exception <a 'java/lang/NoSuchMethodError': <clinit>> (0x00000000e1a87798) thrown at [C:\re\workspace\8-2-build-windows-amd64-cygwin\jdk8u131\8869\hotspot\src\share\vm\prims\jni.cpp, line 1613]
Event: 6.037 Thread 0x00000000189a9800 Exception <a 'java/lang/NoSuchMethodError': <clinit>> (0x00000000e1a96968) thrown at [C:\re\workspace\8-2-build-windows-amd64-cygwin\jdk8u131\8869\hotspot\src\share\vm\prims\jni.cpp, line 1613]
Event: 6.080 Thread 0x00000000189a9800 Exception <a 'java/lang/NoSuchMethodError': <clinit>> (0x00000000e1b19698) thrown at [C:\re\workspace\8-2-build-windows-amd64-cygwin\jdk8u131\8869\hotspot\src\share\vm\prims\jni.cpp, line 1613]
Event: 6.087 Thread 0x00000000189a9800 Exception <a 'java/lang/NoSuchMethodError': <clinit>> (0x00000000e1b2a208) thrown at [C:\re\workspace\8-2-build-windows-amd64-cygwin\jdk8u131\8869\hotspot\src\share\vm\prims\jni.cpp, line 1613]
Event: 6.095 Thread 0x00000000189a9800 Exception <a 'java/lang/NoSuchMethodError': <clinit>> (0x00000000e1b4e910) thrown at [C:\re\workspace\8-2-build-windows-amd64-cygwin\jdk8u131\8869\hotspot\src\share\vm\prims\jni.cpp, line 1613]
Event: 6.150 Thread 0x0000000018513800 Exception <a 'java/lang/NoSuchMethodError': <clinit>> (0x00000000e1c5da90) thrown at [C:\re\workspace\8-2-build-windows-amd64-cygwin\jdk8u131\8869\hotspot\src\share\vm\prims\jni.cpp, line 1613]
Event: 6.152 Thread 0x0000000018513800 Exception <a 'java/lang/NoSuchMethodError': <clinit>> (0x00000000e1c65d18) thrown at [C:\re\workspace\8-2-build-windows-amd64-cygwin\jdk8u131\8869\hotspot\src\share\vm\prims\jni.cpp, line 1613]
Event: 6.223 Thread 0x0000000018513800 Exception <a 'java/lang/ArrayIndexOutOfBoundsException'> (0x00000000e1eb3e10) thrown at [C:\re\workspace\8-2-build-windows-amd64-cygwin\jdk8u131\8869\hotspot\src\share\vm\runtime\sharedRuntime.cpp, line 605]
Event: 6.252 Thread 0x0000000018513800 Exception <a 'java/lang/ArrayIndexOutOfBoundsException'> (0x00000000e1f85118) thrown at [C:\re\workspace\8-2-build-windows-amd64-cygwin\jdk8u131\8869\hotspot\src\share\vm\runtime\sharedRuntime.cpp, line 605]

Events (10 events):
Event: 7.356 loading class org/gradle/api/internal/tasks/CompileServices$GradleScopeCompileServices
Event: 7.356 loading class org/gradle/api/internal/tasks/CompileServices$GradleScopeCompileServices done
Event: 7.357 loading class org/gradle/api/internal/tasks/compile/incremental/cache/GeneralCompileCaches
Event: 7.357 loading class org/gradle/api/internal/tasks/compile/incremental/cache/GeneralCompileCaches done
Event: 7.359 loading class org/gradle/api/internal/tasks/compile/incremental/analyzer/ClassAnalysisCache
Event: 7.359 loading class org/gradle/api/internal/tasks/compile/incremental/analyzer/ClassAnalysisCache done
Event: 7.360 loading class org/gradle/api/internal/tasks/compile/incremental/jar/JarSnapshotCache
Event: 7.360 loading class org/gradle/api/internal/tasks/compile/incremental/jar/JarSnapshotCache done
Event: 7.361 loading class org/gradle/initialization/DefaultJdkToolsInitializer
Event: 7.361 loading class org/gradle/initialization/DefaultJdkToolsInitializer done


Dynamic libraries:
0x00007ff79b660000 - 0x00007ff79b697000 	C:\Program Files\Java\jdk1.8.0_131\bin\java.exe
0x00007ffbc1040000 - 0x00007ffbc11ed000 	C:\WINDOWS\SYSTEM32\ntdll.dll
0x00007ffbc0f00000 - 0x00007ffbc103e000 	C:\WINDOWS\system32\KERNEL32.DLL
0x00007ffbbe520000 - 0x00007ffbbe635000 	C:\WINDOWS\system32\KERNELBASE.dll
0x00007ffbbcd30000 - 0x00007ffbbcdbe000 	C:\WINDOWS\system32\apphelp.dll
0x00007ffb907a0000 - 0x00007ffb907f3000 	C:\WINDOWS\AppPatch\AppPatch64\AcGenral.DLL
0x00007ffbbf640000 - 0x00007ffbbf6ea000 	C:\WINDOWS\system32\msvcrt.dll
0x00007ffbbe6a0000 - 0x00007ffbbe6ce000 	C:\WINDOWS\system32\SspiCli.dll
0x00007ffbbefd0000 - 0x00007ffbbf024000 	C:\WINDOWS\system32\SHLWAPI.dll
0x00007ffbc0c20000 - 0x00007ffbc0d97000 	C:\WINDOWS\system32\USER32.dll
0x00007ffbbf0e0000 - 0x00007ffbbf274000 	C:\WINDOWS\system32\ole32.dll
0x00007ffbbf6f0000 - 0x00007ffbc0c1c000 	C:\WINDOWS\system32\SHELL32.dll
0x00007ffbbd790000 - 0x00007ffbbd7b1000 	C:\WINDOWS\SYSTEM32\USERENV.dll
0x00007ffbbf030000 - 0x00007ffbbf0da000 	C:\WINDOWS\system32\ADVAPI32.dll
0x00007ffbb40c0000 - 0x00007ffbb40de000 	C:\WINDOWS\SYSTEM32\MPR.dll
0x00007ffbbf500000 - 0x00007ffbbf640000 	C:\WINDOWS\system32\RPCRT4.dll
0x00007ffbbed30000 - 0x00007ffbbed89000 	C:\WINDOWS\SYSTEM32\sechost.dll
0x00007ffbbf2e0000 - 0x00007ffbbf4f2000 	C:\WINDOWS\SYSTEM32\combase.dll
0x00007ffbc0da0000 - 0x00007ffbc0eeb000 	C:\WINDOWS\system32\GDI32.dll
0x00007ffbbe170000 - 0x00007ffbbe185000 	C:\WINDOWS\SYSTEM32\profapi.dll
0x00007ffbbc700000 - 0x00007ffbbc7b2000 	C:\WINDOWS\SYSTEM32\SHCORE.dll
0x00007ffbbe8f0000 - 0x00007ffbbe926000 	C:\WINDOWS\system32\IMM32.DLL
0x00007ffbbe6d0000 - 0x00007ffbbe821000 	C:\WINDOWS\system32\MSCTF.dll
0x00007ffbbbde0000 - 0x00007ffbbc05b000 	C:\WINDOWS\WinSxS\amd64_microsoft.windows.common-controls_6595b64144ccf1df_6.0.9600.18006_none_623f33d3ecbe86e8\COMCTL32.dll
0x0000000070ae0000 - 0x0000000070bb2000 	C:\Program Files\Java\jdk1.8.0_131\jre\bin\msvcr100.dll
0x000000006fdd0000 - 0x000000007066c000 	C:\Program Files\Java\jdk1.8.0_131\jre\bin\server\jvm.dll
0x00007ffbb5590000 - 0x00007ffbb5599000 	C:\WINDOWS\SYSTEM32\WSOCK32.dll
0x00007ffbb8400000 - 0x00007ffbb8422000 	C:\WINDOWS\SYSTEM32\WINMM.dll
0x00007ffbb4180000 - 0x00007ffbb418a000 	C:\WINDOWS\SYSTEM32\VERSION.dll
0x00007ffbbe930000 - 0x00007ffbbe937000 	C:\WINDOWS\system32\PSAPI.DLL
0x00007ffbbf280000 - 0x00007ffbbf2da000 	C:\WINDOWS\system32\WS2_32.dll
0x00007ffbb8220000 - 0x00007ffbb824a000 	C:\WINDOWS\SYSTEM32\WINMMBASE.dll
0x00007ffbbed90000 - 0x00007ffbbed99000 	C:\WINDOWS\system32\NSI.dll
0x00007ffbbe240000 - 0x00007ffbbe28f000 	C:\WINDOWS\SYSTEM32\cfgmgr32.dll
0x00007ffbbcfb0000 - 0x00007ffbbcfd8000 	C:\WINDOWS\SYSTEM32\DEVOBJ.dll
0x0000000070ad0000 - 0x0000000070adf000 	C:\Program Files\Java\jdk1.8.0_131\jre\bin\verify.dll
0x0000000070aa0000 - 0x0000000070ac9000 	C:\Program Files\Java\jdk1.8.0_131\jre\bin\java.dll
0x0000000070a80000 - 0x0000000070a96000 	C:\Program Files\Java\jdk1.8.0_131\jre\bin\zip.dll
0x0000000070a60000 - 0x0000000070a7a000 	C:\Program Files\Java\jdk1.8.0_131\jre\bin\net.dll
0x00007ffbbda00000 - 0x00007ffbbda59000 	C:\WINDOWS\system32\mswsock.dll
0x0000000070a40000 - 0x0000000070a51000 	C:\Program Files\Java\jdk1.8.0_131\jre\bin\nio.dll
0x00007ffb8d5f0000 - 0x00007ffb8d60e000 	C:\Users\Emeka\.gradle\native\23\windows-amd64\native-platform.dll
0x00007ffbbda60000 - 0x00007ffbbda80000 	C:\WINDOWS\SYSTEM32\CRYPTSP.dll
0x00007ffbbd680000 - 0x00007ffbbd6b6000 	C:\WINDOWS\system32\rsaenh.dll
0x00007ffbbdcb0000 - 0x00007ffbbdcd6000 	C:\WINDOWS\SYSTEM32\bcrypt.dll
0x00007ffbbdfd0000 - 0x00007ffbbe033000 	C:\WINDOWS\system32\bcryptprimitives.dll
0x00007ffbbe040000 - 0x00007ffbbe04b000 	C:\WINDOWS\SYSTEM32\CRYPTBASE.dll
0x00007ffbb7600000 - 0x00007ffbb762a000 	C:\WINDOWS\SYSTEM32\IPHLPAPI.DLL
0x00007ffbb7630000 - 0x00007ffbb763a000 	C:\WINDOWS\SYSTEM32\WINNSI.DLL
0x00007ffbb7100000 - 0x00007ffbb7116000 	C:\WINDOWS\SYSTEM32\dhcpcsvc6.DLL
0x00007ffbb7300000 - 0x00007ffbb731a000 	C:\WINDOWS\SYSTEM32\dhcpcsvc.DLL
0x0000000070a30000 - 0x0000000070a3d000 	C:\Program Files\Java\jdk1.8.0_131\jre\bin\management.dll

VM Arguments:
jvm_args: -Xmx1536m -Dfile.encoding=windows-1252 -Duser.country=US -Duser.language=en -Duser.variant 
java_command: org.gradle.launcher.daemon.bootstrap.GradleDaemon 3.3
java_class_path (initial): C:\Users\Emeka\.gradle\wrapper\dists\gradle-3.3-all\55gk2rcmfc6p2dg9u9ohc3hw9\gradle-3.3\lib\gradle-launcher-3.3.jar
Launcher Type: SUN_STANDARD

Environment Variables:
PATH=C:\ProgramData\Oracle\Java\javapath;C:\DevSuiteHome_2\jdk\jre\bin\classic;C:\DevSuiteHome_2\jdk\jre\bin;C:\DevSuiteHome_2\jdk\jre\bin\client;C:\DevSuiteHome_2\jlib;C:\DevSuiteHome_2\bin;C:\DevSuiteHome_2\jre\1.4.2\bin\client;C:\DevSuiteHome_2\jre\1.4.2\bin;C:\Program Files (x86)\Common Files\NetSarang;C:\oraclexe\app\oracle\product\11.2.0\server\bin;C:\Program Files (x86)\Intel\iCLS Client\;C:\Program Files\Intel\iCLS Client\;C:\WINDOWS\system32;C:\WINDOWS;C:\WINDOWS\System32\Wbem;C:\WINDOWS\System32\WindowsPowerShell\v1.0\;C:\Program Files\Intel\Intel(R) Management Engine Components\DAL;C:\Program Files\Intel\Intel(R) Management Engine Components\IPT;C:\Program Files (x86)\Intel\Intel(R) Management Engine Components\DAL;C:\Program Files (x86)\Intel\Intel(R) Management Engine Components\IPT;C:\Program Files (x86)\Intel\OpenCL SDK\2.0\bin\x86;C:\Program Files (x86)\Intel\OpenCL SDK\2.0\bin\x64;C:\ProgramData\Lenovo\ReadyApps;C:\Program Files\Git\cmd;C:\Program Files (x86)\Skype\Phone\;C:\xampp\php;C:\ProgramData\ComposerSetup\bin;C:\Program Files\Intel\WiFi\bin\;C:\Program Files\Common Files\Intel\WirelessCommon\;C:\Program Files\dotnet\;C:\Program Files\Microsoft SQL Server\130\Tools\Binn\;C:\Program Files\Microsoft SQL Server\Client SDK\ODBC\130\Tools\Binn\;C:\Program Files (x86)\Microsoft SQL Server\140\Tools\Binn\;C:\Program Files\Microsoft SQL Server\140\Tools\Binn\;C:\Program Files\Microsoft SQL Server\140\DTS\Binn\;C:\Program Files (x86)\Microsoft SQL Server\Client SDK\ODBC\130\Tools\Binn\;C:\Program Files (x86)\Microsoft SQL Server\140\DTS\Binn\;C:\Program Files (x86)\Microsoft SQL Server\140\Tools\Binn\ManagementStudio\;C:\Users\Emeka\AppData\Roaming\Composer\vendor\bin;C:\Program Files\Intel\WiFi\bin\;C:\Program Files\Common Files\Intel\WirelessCommon\;C:\Users\Emeka\AppData\Local\atom\bin
USERNAME=Emeka
OS=Windows_NT
PROCESSOR_IDENTIFIER=Intel64 Family 6 Model 58 Stepping 9, GenuineIntel



---------------  S Y S T E M  ---------------

OS: Windows 8.1 , 64 bit Build 9600 (6.3.9600.17415)

CPU:total 4 (initial active 4) (2 cores per cpu, 2 threads per core) family 6 model 58 stepping 9, cmov, cx8, fxsr, mmx, sse, sse2, sse3, ssse3, sse4.1, sse4.2, popcnt, avx, aes, clmul, erms, ht, tsc, tscinvbit, tscinv

Memory: 4k page, physical 8201856k(831712k free), swap 12396160k(4940k free)

vm_info: Java HotSpot(TM) 64-Bit Server VM (25.131-b11) for windows-amd64 JRE (1.8.0_131-b11), built on Mar 15 2017 01:23:53 by "java_re" with MS VC++ 10.0 (VS2010)

time: Mon Mar 05 12:17:04 2018
elapsed time: 9 seconds (0d 0h 0m 9s)

